<?xml version="1.0" encoding="UTF-8"?>
<testsuite xmlns:xsi="http://www.w3.org/2001/XMLSchema-instance" xsi:noNamespaceSchemaLocation="https://maven.apache.org/surefire/maven-surefire-plugin/xsd/surefire-test-report-3.0.xsd" version="3.0" name="Registration Ozelligi" time="76.406" tests="6" errors="1" skipped="0" failures="0">
  <properties>
    <property name="sun.desktop" value="windows"/>
    <property name="awt.toolkit" value="sun.awt.windows.WToolkit"/>
    <property name="java.specification.version" value="11"/>
    <property name="webdriver.chrome.driver" value="C:\Users\ayber\.cache\selenium\chromedriver\win32\104.0.5112.79\chromedriver.exe"/>
    <property name="sun.cpu.isalist" value="amd64"/>
    <property name="sun.jnu.encoding" value="Cp1254"/>
    <property name="java.class.path" value="C:\Users\ayber\IdeaProjects\MedunnaProject\target\test-classes;C:\Users\ayber\IdeaProjects\MedunnaProject\target\classes;C:\Users\ayber\.m2\repository\org\seleniumhq\selenium\selenium-java\4.1.3\selenium-java-4.1.3.jar;C:\Users\ayber\.m2\repository\org\seleniumhq\selenium\selenium-api\4.1.3\selenium-api-4.1.3.jar;C:\Users\ayber\.m2\repository\org\seleniumhq\selenium\selenium-chrome-driver\4.1.3\selenium-chrome-driver-4.1.3.jar;C:\Users\ayber\.m2\repository\com\google\auto\service\auto-service-annotations\1.0.1\auto-service-annotations-1.0.1.jar;C:\Users\ayber\.m2\repository\com\google\auto\service\auto-service\1.0.1\auto-service-1.0.1.jar;C:\Users\ayber\.m2\repository\com\google\auto\auto-common\1.2\auto-common-1.2.jar;C:\Users\ayber\.m2\repository\com\google\guava\guava\31.1-jre\guava-31.1-jre.jar;C:\Users\ayber\.m2\repository\com\google\guava\failureaccess\1.0.1\failureaccess-1.0.1.jar;C:\Users\ayber\.m2\repository\com\google\guava\listenablefuture\9999.0-empty-to-avoid-conflict-with-guava\listenablefuture-9999.0-empty-to-avoid-conflict-with-guava.jar;C:\Users\ayber\.m2\repository\com\google\code\findbugs\jsr305\3.0.2\jsr305-3.0.2.jar;C:\Users\ayber\.m2\repository\org\checkerframework\checker-qual\3.12.0\checker-qual-3.12.0.jar;C:\Users\ayber\.m2\repository\com\google\errorprone\error_prone_annotations\2.11.0\error_prone_annotations-2.11.0.jar;C:\Users\ayber\.m2\repository\com\google\j2objc\j2objc-annotations\1.3\j2objc-annotations-1.3.jar;C:\Users\ayber\.m2\repository\org\seleniumhq\selenium\selenium-chromium-driver\4.1.3\selenium-chromium-driver-4.1.3.jar;C:\Users\ayber\.m2\repository\org\seleniumhq\selenium\selenium-json\4.1.3\selenium-json-4.1.3.jar;C:\Users\ayber\.m2\repository\org\seleniumhq\selenium\selenium-devtools-v85\4.1.3\selenium-devtools-v85-4.1.3.jar;C:\Users\ayber\.m2\repository\org\seleniumhq\selenium\selenium-devtools-v97\4.1.3\selenium-devtools-v97-4.1.3.jar;C:\Users\ayber\.m2\repository\org\seleniumhq\selenium\selenium-devtools-v98\4.1.3\selenium-devtools-v98-4.1.3.jar;C:\Users\ayber\.m2\repository\org\seleniumhq\selenium\selenium-devtools-v99\4.1.3\selenium-devtools-v99-4.1.3.jar;C:\Users\ayber\.m2\repository\org\seleniumhq\selenium\selenium-edge-driver\4.1.3\selenium-edge-driver-4.1.3.jar;C:\Users\ayber\.m2\repository\org\seleniumhq\selenium\selenium-firefox-driver\4.1.3\selenium-firefox-driver-4.1.3.jar;C:\Users\ayber\.m2\repository\org\seleniumhq\selenium\selenium-ie-driver\4.1.3\selenium-ie-driver-4.1.3.jar;C:\Users\ayber\.m2\repository\org\seleniumhq\selenium\selenium-opera-driver\4.1.3\selenium-opera-driver-4.1.3.jar;C:\Users\ayber\.m2\repository\org\seleniumhq\selenium\selenium-remote-driver\4.1.3\selenium-remote-driver-4.1.3.jar;C:\Users\ayber\.m2\repository\com\beust\jcommander\1.82\jcommander-1.82.jar;C:\Users\ayber\.m2\repository\io\netty\netty-buffer\4.1.75.Final\netty-buffer-4.1.75.Final.jar;C:\Users\ayber\.m2\repository\io\netty\netty-codec-http\4.1.75.Final\netty-codec-http-4.1.75.Final.jar;C:\Users\ayber\.m2\repository\io\netty\netty-codec\4.1.75.Final\netty-codec-4.1.75.Final.jar;C:\Users\ayber\.m2\repository\io\netty\netty-handler\4.1.75.Final\netty-handler-4.1.75.Final.jar;C:\Users\ayber\.m2\repository\io\netty\netty-common\4.1.75.Final\netty-common-4.1.75.Final.jar;C:\Users\ayber\.m2\repository\io\netty\netty-transport-classes-epoll\4.1.75.Final\netty-transport-classes-epoll-4.1.75.Final.jar;C:\Users\ayber\.m2\repository\io\netty\netty-transport-classes-kqueue\4.1.75.Final\netty-transport-classes-kqueue-4.1.75.Final.jar;C:\Users\ayber\.m2\repository\io\netty\netty-transport-native-epoll\4.1.75.Final\netty-transport-native-epoll-4.1.75.Final.jar;C:\Users\ayber\.m2\repository\io\netty\netty-transport-native-kqueue\4.1.75.Final\netty-transport-native-kqueue-4.1.75.Final.jar;C:\Users\ayber\.m2\repository\io\netty\netty-transport-native-unix-common\4.1.75.Final\netty-transport-native-unix-common-4.1.75.Final.jar;C:\Users\ayber\.m2\repository\io\netty\netty-transport\4.1.75.Final\netty-transport-4.1.75.Final.jar;C:\Users\ayber\.m2\repository\io\netty\netty-resolver\4.1.75.Final\netty-resolver-4.1.75.Final.jar;C:\Users\ayber\.m2\repository\io\opentelemetry\opentelemetry-api\1.12.0\opentelemetry-api-1.12.0.jar;C:\Users\ayber\.m2\repository\io\opentelemetry\opentelemetry-context\1.12.0\opentelemetry-context-1.12.0.jar;C:\Users\ayber\.m2\repository\io\opentelemetry\opentelemetry-exporter-logging\1.12.0\opentelemetry-exporter-logging-1.12.0.jar;C:\Users\ayber\.m2\repository\io\opentelemetry\opentelemetry-sdk-metrics\1.12.0-alpha\opentelemetry-sdk-metrics-1.12.0-alpha.jar;C:\Users\ayber\.m2\repository\io\opentelemetry\opentelemetry-sdk-logs\1.12.0-alpha\opentelemetry-sdk-logs-1.12.0-alpha.jar;C:\Users\ayber\.m2\repository\io\opentelemetry\opentelemetry-sdk-common\1.12.0\opentelemetry-sdk-common-1.12.0.jar;C:\Users\ayber\.m2\repository\io\opentelemetry\opentelemetry-sdk-extension-autoconfigure-spi\1.12.0\opentelemetry-sdk-extension-autoconfigure-spi-1.12.0.jar;C:\Users\ayber\.m2\repository\io\opentelemetry\opentelemetry-sdk-extension-autoconfigure\1.12.0-alpha\opentelemetry-sdk-extension-autoconfigure-1.12.0-alpha.jar;C:\Users\ayber\.m2\repository\io\opentelemetry\opentelemetry-sdk-trace\1.12.0\opentelemetry-sdk-trace-1.12.0.jar;C:\Users\ayber\.m2\repository\io\opentelemetry\opentelemetry-sdk\1.12.0\opentelemetry-sdk-1.12.0.jar;C:\Users\ayber\.m2\repository\io\opentelemetry\opentelemetry-semconv\1.12.0-alpha\opentelemetry-semconv-1.12.0-alpha.jar;C:\Users\ayber\.m2\repository\io\ous\jtoml\2.0.0\jtoml-2.0.0.jar;C:\Users\ayber\.m2\repository\net\bytebuddy\byte-buddy\1.12.8\byte-buddy-1.12.8.jar;C:\Users\ayber\.m2\repository\org\apache\commons\commons-exec\1.3\commons-exec-1.3.jar;C:\Users\ayber\.m2\repository\org\asynchttpclient\async-http-client\2.12.3\async-http-client-2.12.3.jar;C:\Users\ayber\.m2\repository\org\asynchttpclient\async-http-client-netty-utils\2.12.3\async-http-client-netty-utils-2.12.3.jar;C:\Users\ayber\.m2\repository\io\netty\netty-codec-socks\4.1.60.Final\netty-codec-socks-4.1.60.Final.jar;C:\Users\ayber\.m2\repository\io\netty\netty-handler-proxy\4.1.60.Final\netty-handler-proxy-4.1.60.Final.jar;C:\Users\ayber\.m2\repository\io\netty\netty-transport-native-epoll\4.1.60.Final\netty-transport-native-epoll-4.1.60.Final-linux-x86_64.jar;C:\Users\ayber\.m2\repository\io\netty\netty-transport-native-kqueue\4.1.60.Final\netty-transport-native-kqueue-4.1.60.Final-osx-x86_64.jar;C:\Users\ayber\.m2\repository\org\reactivestreams\reactive-streams\1.0.3\reactive-streams-1.0.3.jar;C:\Users\ayber\.m2\repository\com\typesafe\netty\netty-reactive-streams\2.0.4\netty-reactive-streams-2.0.4.jar;C:\Users\ayber\.m2\repository\com\sun\activation\jakarta.activation\1.2.2\jakarta.activation-1.2.2.jar;C:\Users\ayber\.m2\repository\org\seleniumhq\selenium\selenium-http\4.1.3\selenium-http-4.1.3.jar;C:\Users\ayber\.m2\repository\dev\failsafe\failsafe\3.2.3\failsafe-3.2.3.jar;C:\Users\ayber\.m2\repository\org\seleniumhq\selenium\selenium-safari-driver\4.1.3\selenium-safari-driver-4.1.3.jar;C:\Users\ayber\.m2\repository\org\seleniumhq\selenium\selenium-support\4.1.3\selenium-support-4.1.3.jar;C:\Users\ayber\.m2\repository\io\github\bonigarcia\webdrivermanager\5.1.0\webdrivermanager-5.1.0.jar;C:\Users\ayber\.m2\repository\org\slf4j\slf4j-api\1.7.36\slf4j-api-1.7.36.jar;C:\Users\ayber\.m2\repository\com\github\docker-java\docker-java\3.2.13\docker-java-3.2.13.jar;C:\Users\ayber\.m2\repository\com\github\docker-java\docker-java-core\3.2.13\docker-java-core-3.2.13.jar;C:\Users\ayber\.m2\repository\com\github\docker-java\docker-java-api\3.2.13\docker-java-api-3.2.13.jar;C:\Users\ayber\.m2\repository\com\fasterxml\jackson\core\jackson-annotations\2.10.3\jackson-annotations-2.10.3.jar;C:\Users\ayber\.m2\repository\commons-io\commons-io\2.6\commons-io-2.6.jar;C:\Users\ayber\.m2\repository\org\apache\commons\commons-compress\1.21\commons-compress-1.21.jar;C:\Users\ayber\.m2\repository\com\fasterxml\jackson\core\jackson-databind\2.10.3\jackson-databind-2.10.3.jar;C:\Users\ayber\.m2\repository\com\fasterxml\jackson\core\jackson-core\2.10.3\jackson-core-2.10.3.jar;C:\Users\ayber\.m2\repository\org\bouncycastle\bcpkix-jdk15on\1.64\bcpkix-jdk15on-1.64.jar;C:\Users\ayber\.m2\repository\org\bouncycastle\bcprov-jdk15on\1.64\bcprov-jdk15on-1.64.jar;C:\Users\ayber\.m2\repository\org\slf4j\jcl-over-slf4j\1.7.30\jcl-over-slf4j-1.7.30.jar;C:\Users\ayber\.m2\repository\com\github\docker-java\docker-java-transport-httpclient5\3.2.13\docker-java-transport-httpclient5-3.2.13.jar;C:\Users\ayber\.m2\repository\com\github\docker-java\docker-java-transport\3.2.13\docker-java-transport-3.2.13.jar;C:\Users\ayber\.m2\repository\org\apache\httpcomponents\client5\httpclient5\5.0.3\httpclient5-5.0.3.jar;C:\Users\ayber\.m2\repository\org\apache\httpcomponents\core5\httpcore5\5.0.2\httpcore5-5.0.2.jar;C:\Users\ayber\.m2\repository\net\java\dev\jna\jna\5.8.0\jna-5.8.0.jar;C:\Users\ayber\.m2\repository\org\brotli\dec\0.1.2\dec-0.1.2.jar;C:\Users\ayber\.m2\repository\org\apache\commons\commons-lang3\3.12.0\commons-lang3-3.12.0.jar;C:\Users\ayber\.m2\repository\io\cucumber\cucumber-java\7.2.3\cucumber-java-7.2.3.jar;C:\Users\ayber\.m2\repository\io\cucumber\cucumber-core\7.2.3\cucumber-core-7.2.3.jar;C:\Users\ayber\.m2\repository\io\cucumber\cucumber-gherkin\7.2.3\cucumber-gherkin-7.2.3.jar;C:\Users\ayber\.m2\repository\io\cucumber\cucumber-gherkin-messages\7.2.3\cucumber-gherkin-messages-7.2.3.jar;C:\Users\ayber\.m2\repository\io\cucumber\messages\17.1.1\messages-17.1.1.jar;C:\Users\ayber\.m2\repository\io\cucumber\tag-expressions\4.1.0\tag-expressions-4.1.0.jar;C:\Users\ayber\.m2\repository\io\cucumber\cucumber-expressions\15.0.1\cucumber-expressions-15.0.1.jar;C:\Users\ayber\.m2\repository\io\cucumber\datatable\7.2.3\datatable-7.2.3.jar;C:\Users\ayber\.m2\repository\io\cucumber\cucumber-plugin\7.2.3\cucumber-plugin-7.2.3.jar;C:\Users\ayber\.m2\repository\io\cucumber\docstring\7.2.3\docstring-7.2.3.jar;C:\Users\ayber\.m2\repository\io\cucumber\html-formatter\17.0.0\html-formatter-17.0.0.jar;C:\Users\ayber\.m2\repository\io\cucumber\ci-environment\8.1.0\ci-environment-8.1.0.jar;C:\Users\ayber\.m2\repository\org\apiguardian\apiguardian-api\1.1.2\apiguardian-api-1.1.2.jar;C:\Users\ayber\.m2\repository\io\cucumber\cucumber-junit\7.2.3\cucumber-junit-7.2.3.jar;C:\Users\ayber\.m2\repository\junit\junit\4.13.2\junit-4.13.2.jar;C:\Users\ayber\.m2\repository\org\hamcrest\hamcrest-core\1.3\hamcrest-core-1.3.jar;C:\Users\ayber\.m2\repository\com\github\javafaker\javafaker\1.0.2\javafaker-1.0.2.jar;C:\Users\ayber\.m2\repository\org\yaml\snakeyaml\1.23\snakeyaml-1.23-android.jar;C:\Users\ayber\.m2\repository\com\github\mifmif\generex\1.0.2\generex-1.0.2.jar;C:\Users\ayber\.m2\repository\dk\brics\automaton\automaton\1.11-8\automaton-1.11-8.jar;C:\Users\ayber\.m2\repository\com\microsoft\sqlserver\mssql-jdbc\8.2.2.jre8\mssql-jdbc-8.2.2.jre8.jar;C:\Users\ayber\.m2\repository\io\rest-assured\rest-assured\5.1.1\rest-assured-5.1.1.jar;C:\Users\ayber\.m2\repository\org\apache\groovy\groovy\4.0.1\groovy-4.0.1.jar;C:\Users\ayber\.m2\repository\org\apache\groovy\groovy-xml\4.0.1\groovy-xml-4.0.1.jar;C:\Users\ayber\.m2\repository\org\apache\httpcomponents\httpclient\4.5.13\httpclient-4.5.13.jar;C:\Users\ayber\.m2\repository\org\apache\httpcomponents\httpcore\4.4.13\httpcore-4.4.13.jar;C:\Users\ayber\.m2\repository\commons-logging\commons-logging\1.2\commons-logging-1.2.jar;C:\Users\ayber\.m2\repository\commons-codec\commons-codec\1.11\commons-codec-1.11.jar;C:\Users\ayber\.m2\repository\org\apache\httpcomponents\httpmime\4.5.13\httpmime-4.5.13.jar;C:\Users\ayber\.m2\repository\org\hamcrest\hamcrest\2.1\hamcrest-2.1.jar;C:\Users\ayber\.m2\repository\org\ccil\cowan\tagsoup\tagsoup\1.2.1\tagsoup-1.2.1.jar;C:\Users\ayber\.m2\repository\io\rest-assured\json-path\5.1.1\json-path-5.1.1.jar;C:\Users\ayber\.m2\repository\org\apache\groovy\groovy-json\4.0.1\groovy-json-4.0.1.jar;C:\Users\ayber\.m2\repository\io\rest-assured\rest-assured-common\5.1.1\rest-assured-common-5.1.1.jar;C:\Users\ayber\.m2\repository\io\rest-assured\xml-path\5.1.1\xml-path-5.1.1.jar;C:\Users\ayber\.m2\repository\org\json\json\20220320\json-20220320.jar;C:\Users\ayber\.m2\repository\com\google\code\gson\gson\2.9.0\gson-2.9.0.jar;C:\Users\ayber\.m2\repository\org\codehaus\jackson\jackson-mapper-asl\1.9.13\jackson-mapper-asl-1.9.13.jar;C:\Users\ayber\.m2\repository\org\codehaus\jackson\jackson-core-asl\1.9.13\jackson-core-asl-1.9.13.jar;"/>
    <property name="java.vm.vendor" value="Oracle Corporation"/>
    <property name="sun.arch.data.model" value="64"/>
    <property name="user.variant" value=""/>
    <property name="java.vendor.url" value="https://openjdk.java.net/"/>
    <property name="user.timezone" value="Asia/Istanbul"/>
    <property name="java.vm.specification.version" value="11"/>
    <property name="os.name" value="Windows 10"/>
    <property name="sun.java.launcher" value="SUN_STANDARD"/>
    <property name="user.country" value="TR"/>
    <property name="sun.boot.library.path" value="C:\Program Files\Java\jdk-11.0.15\bin"/>
    <property name="sun.java.command" value="C:\Users\ayber\AppData\Local\Temp\surefire16270729202722160526\surefirebooter10004505308456343682.jar C:\Users\ayber\AppData\Local\Temp\surefire16270729202722160526 2022-08-16T18-52-38_993-jvmRun1 surefire2976826374981910220tmp surefire_015677077603978415500tmp"/>
    <property name="jdk.debug" value="release"/>
    <property name="surefire.test.class.path" value="C:\Users\ayber\IdeaProjects\MedunnaProject\target\test-classes;C:\Users\ayber\IdeaProjects\MedunnaProject\target\classes;C:\Users\ayber\.m2\repository\org\seleniumhq\selenium\selenium-java\4.1.3\selenium-java-4.1.3.jar;C:\Users\ayber\.m2\repository\org\seleniumhq\selenium\selenium-api\4.1.3\selenium-api-4.1.3.jar;C:\Users\ayber\.m2\repository\org\seleniumhq\selenium\selenium-chrome-driver\4.1.3\selenium-chrome-driver-4.1.3.jar;C:\Users\ayber\.m2\repository\com\google\auto\service\auto-service-annotations\1.0.1\auto-service-annotations-1.0.1.jar;C:\Users\ayber\.m2\repository\com\google\auto\service\auto-service\1.0.1\auto-service-1.0.1.jar;C:\Users\ayber\.m2\repository\com\google\auto\auto-common\1.2\auto-common-1.2.jar;C:\Users\ayber\.m2\repository\com\google\guava\guava\31.1-jre\guava-31.1-jre.jar;C:\Users\ayber\.m2\repository\com\google\guava\failureaccess\1.0.1\failureaccess-1.0.1.jar;C:\Users\ayber\.m2\repository\com\google\guava\listenablefuture\9999.0-empty-to-avoid-conflict-with-guava\listenablefuture-9999.0-empty-to-avoid-conflict-with-guava.jar;C:\Users\ayber\.m2\repository\com\google\code\findbugs\jsr305\3.0.2\jsr305-3.0.2.jar;C:\Users\ayber\.m2\repository\org\checkerframework\checker-qual\3.12.0\checker-qual-3.12.0.jar;C:\Users\ayber\.m2\repository\com\google\errorprone\error_prone_annotations\2.11.0\error_prone_annotations-2.11.0.jar;C:\Users\ayber\.m2\repository\com\google\j2objc\j2objc-annotations\1.3\j2objc-annotations-1.3.jar;C:\Users\ayber\.m2\repository\org\seleniumhq\selenium\selenium-chromium-driver\4.1.3\selenium-chromium-driver-4.1.3.jar;C:\Users\ayber\.m2\repository\org\seleniumhq\selenium\selenium-json\4.1.3\selenium-json-4.1.3.jar;C:\Users\ayber\.m2\repository\org\seleniumhq\selenium\selenium-devtools-v85\4.1.3\selenium-devtools-v85-4.1.3.jar;C:\Users\ayber\.m2\repository\org\seleniumhq\selenium\selenium-devtools-v97\4.1.3\selenium-devtools-v97-4.1.3.jar;C:\Users\ayber\.m2\repository\org\seleniumhq\selenium\selenium-devtools-v98\4.1.3\selenium-devtools-v98-4.1.3.jar;C:\Users\ayber\.m2\repository\org\seleniumhq\selenium\selenium-devtools-v99\4.1.3\selenium-devtools-v99-4.1.3.jar;C:\Users\ayber\.m2\repository\org\seleniumhq\selenium\selenium-edge-driver\4.1.3\selenium-edge-driver-4.1.3.jar;C:\Users\ayber\.m2\repository\org\seleniumhq\selenium\selenium-firefox-driver\4.1.3\selenium-firefox-driver-4.1.3.jar;C:\Users\ayber\.m2\repository\org\seleniumhq\selenium\selenium-ie-driver\4.1.3\selenium-ie-driver-4.1.3.jar;C:\Users\ayber\.m2\repository\org\seleniumhq\selenium\selenium-opera-driver\4.1.3\selenium-opera-driver-4.1.3.jar;C:\Users\ayber\.m2\repository\org\seleniumhq\selenium\selenium-remote-driver\4.1.3\selenium-remote-driver-4.1.3.jar;C:\Users\ayber\.m2\repository\com\beust\jcommander\1.82\jcommander-1.82.jar;C:\Users\ayber\.m2\repository\io\netty\netty-buffer\4.1.75.Final\netty-buffer-4.1.75.Final.jar;C:\Users\ayber\.m2\repository\io\netty\netty-codec-http\4.1.75.Final\netty-codec-http-4.1.75.Final.jar;C:\Users\ayber\.m2\repository\io\netty\netty-codec\4.1.75.Final\netty-codec-4.1.75.Final.jar;C:\Users\ayber\.m2\repository\io\netty\netty-handler\4.1.75.Final\netty-handler-4.1.75.Final.jar;C:\Users\ayber\.m2\repository\io\netty\netty-common\4.1.75.Final\netty-common-4.1.75.Final.jar;C:\Users\ayber\.m2\repository\io\netty\netty-transport-classes-epoll\4.1.75.Final\netty-transport-classes-epoll-4.1.75.Final.jar;C:\Users\ayber\.m2\repository\io\netty\netty-transport-classes-kqueue\4.1.75.Final\netty-transport-classes-kqueue-4.1.75.Final.jar;C:\Users\ayber\.m2\repository\io\netty\netty-transport-native-epoll\4.1.75.Final\netty-transport-native-epoll-4.1.75.Final.jar;C:\Users\ayber\.m2\repository\io\netty\netty-transport-native-kqueue\4.1.75.Final\netty-transport-native-kqueue-4.1.75.Final.jar;C:\Users\ayber\.m2\repository\io\netty\netty-transport-native-unix-common\4.1.75.Final\netty-transport-native-unix-common-4.1.75.Final.jar;C:\Users\ayber\.m2\repository\io\netty\netty-transport\4.1.75.Final\netty-transport-4.1.75.Final.jar;C:\Users\ayber\.m2\repository\io\netty\netty-resolver\4.1.75.Final\netty-resolver-4.1.75.Final.jar;C:\Users\ayber\.m2\repository\io\opentelemetry\opentelemetry-api\1.12.0\opentelemetry-api-1.12.0.jar;C:\Users\ayber\.m2\repository\io\opentelemetry\opentelemetry-context\1.12.0\opentelemetry-context-1.12.0.jar;C:\Users\ayber\.m2\repository\io\opentelemetry\opentelemetry-exporter-logging\1.12.0\opentelemetry-exporter-logging-1.12.0.jar;C:\Users\ayber\.m2\repository\io\opentelemetry\opentelemetry-sdk-metrics\1.12.0-alpha\opentelemetry-sdk-metrics-1.12.0-alpha.jar;C:\Users\ayber\.m2\repository\io\opentelemetry\opentelemetry-sdk-logs\1.12.0-alpha\opentelemetry-sdk-logs-1.12.0-alpha.jar;C:\Users\ayber\.m2\repository\io\opentelemetry\opentelemetry-sdk-common\1.12.0\opentelemetry-sdk-common-1.12.0.jar;C:\Users\ayber\.m2\repository\io\opentelemetry\opentelemetry-sdk-extension-autoconfigure-spi\1.12.0\opentelemetry-sdk-extension-autoconfigure-spi-1.12.0.jar;C:\Users\ayber\.m2\repository\io\opentelemetry\opentelemetry-sdk-extension-autoconfigure\1.12.0-alpha\opentelemetry-sdk-extension-autoconfigure-1.12.0-alpha.jar;C:\Users\ayber\.m2\repository\io\opentelemetry\opentelemetry-sdk-trace\1.12.0\opentelemetry-sdk-trace-1.12.0.jar;C:\Users\ayber\.m2\repository\io\opentelemetry\opentelemetry-sdk\1.12.0\opentelemetry-sdk-1.12.0.jar;C:\Users\ayber\.m2\repository\io\opentelemetry\opentelemetry-semconv\1.12.0-alpha\opentelemetry-semconv-1.12.0-alpha.jar;C:\Users\ayber\.m2\repository\io\ous\jtoml\2.0.0\jtoml-2.0.0.jar;C:\Users\ayber\.m2\repository\net\bytebuddy\byte-buddy\1.12.8\byte-buddy-1.12.8.jar;C:\Users\ayber\.m2\repository\org\apache\commons\commons-exec\1.3\commons-exec-1.3.jar;C:\Users\ayber\.m2\repository\org\asynchttpclient\async-http-client\2.12.3\async-http-client-2.12.3.jar;C:\Users\ayber\.m2\repository\org\asynchttpclient\async-http-client-netty-utils\2.12.3\async-http-client-netty-utils-2.12.3.jar;C:\Users\ayber\.m2\repository\io\netty\netty-codec-socks\4.1.60.Final\netty-codec-socks-4.1.60.Final.jar;C:\Users\ayber\.m2\repository\io\netty\netty-handler-proxy\4.1.60.Final\netty-handler-proxy-4.1.60.Final.jar;C:\Users\ayber\.m2\repository\io\netty\netty-transport-native-epoll\4.1.60.Final\netty-transport-native-epoll-4.1.60.Final-linux-x86_64.jar;C:\Users\ayber\.m2\repository\io\netty\netty-transport-native-kqueue\4.1.60.Final\netty-transport-native-kqueue-4.1.60.Final-osx-x86_64.jar;C:\Users\ayber\.m2\repository\org\reactivestreams\reactive-streams\1.0.3\reactive-streams-1.0.3.jar;C:\Users\ayber\.m2\repository\com\typesafe\netty\netty-reactive-streams\2.0.4\netty-reactive-streams-2.0.4.jar;C:\Users\ayber\.m2\repository\com\sun\activation\jakarta.activation\1.2.2\jakarta.activation-1.2.2.jar;C:\Users\ayber\.m2\repository\org\seleniumhq\selenium\selenium-http\4.1.3\selenium-http-4.1.3.jar;C:\Users\ayber\.m2\repository\dev\failsafe\failsafe\3.2.3\failsafe-3.2.3.jar;C:\Users\ayber\.m2\repository\org\seleniumhq\selenium\selenium-safari-driver\4.1.3\selenium-safari-driver-4.1.3.jar;C:\Users\ayber\.m2\repository\org\seleniumhq\selenium\selenium-support\4.1.3\selenium-support-4.1.3.jar;C:\Users\ayber\.m2\repository\io\github\bonigarcia\webdrivermanager\5.1.0\webdrivermanager-5.1.0.jar;C:\Users\ayber\.m2\repository\org\slf4j\slf4j-api\1.7.36\slf4j-api-1.7.36.jar;C:\Users\ayber\.m2\repository\com\github\docker-java\docker-java\3.2.13\docker-java-3.2.13.jar;C:\Users\ayber\.m2\repository\com\github\docker-java\docker-java-core\3.2.13\docker-java-core-3.2.13.jar;C:\Users\ayber\.m2\repository\com\github\docker-java\docker-java-api\3.2.13\docker-java-api-3.2.13.jar;C:\Users\ayber\.m2\repository\com\fasterxml\jackson\core\jackson-annotations\2.10.3\jackson-annotations-2.10.3.jar;C:\Users\ayber\.m2\repository\commons-io\commons-io\2.6\commons-io-2.6.jar;C:\Users\ayber\.m2\repository\org\apache\commons\commons-compress\1.21\commons-compress-1.21.jar;C:\Users\ayber\.m2\repository\com\fasterxml\jackson\core\jackson-databind\2.10.3\jackson-databind-2.10.3.jar;C:\Users\ayber\.m2\repository\com\fasterxml\jackson\core\jackson-core\2.10.3\jackson-core-2.10.3.jar;C:\Users\ayber\.m2\repository\org\bouncycastle\bcpkix-jdk15on\1.64\bcpkix-jdk15on-1.64.jar;C:\Users\ayber\.m2\repository\org\bouncycastle\bcprov-jdk15on\1.64\bcprov-jdk15on-1.64.jar;C:\Users\ayber\.m2\repository\org\slf4j\jcl-over-slf4j\1.7.30\jcl-over-slf4j-1.7.30.jar;C:\Users\ayber\.m2\repository\com\github\docker-java\docker-java-transport-httpclient5\3.2.13\docker-java-transport-httpclient5-3.2.13.jar;C:\Users\ayber\.m2\repository\com\github\docker-java\docker-java-transport\3.2.13\docker-java-transport-3.2.13.jar;C:\Users\ayber\.m2\repository\org\apache\httpcomponents\client5\httpclient5\5.0.3\httpclient5-5.0.3.jar;C:\Users\ayber\.m2\repository\org\apache\httpcomponents\core5\httpcore5\5.0.2\httpcore5-5.0.2.jar;C:\Users\ayber\.m2\repository\net\java\dev\jna\jna\5.8.0\jna-5.8.0.jar;C:\Users\ayber\.m2\repository\org\brotli\dec\0.1.2\dec-0.1.2.jar;C:\Users\ayber\.m2\repository\org\apache\commons\commons-lang3\3.12.0\commons-lang3-3.12.0.jar;C:\Users\ayber\.m2\repository\io\cucumber\cucumber-java\7.2.3\cucumber-java-7.2.3.jar;C:\Users\ayber\.m2\repository\io\cucumber\cucumber-core\7.2.3\cucumber-core-7.2.3.jar;C:\Users\ayber\.m2\repository\io\cucumber\cucumber-gherkin\7.2.3\cucumber-gherkin-7.2.3.jar;C:\Users\ayber\.m2\repository\io\cucumber\cucumber-gherkin-messages\7.2.3\cucumber-gherkin-messages-7.2.3.jar;C:\Users\ayber\.m2\repository\io\cucumber\messages\17.1.1\messages-17.1.1.jar;C:\Users\ayber\.m2\repository\io\cucumber\tag-expressions\4.1.0\tag-expressions-4.1.0.jar;C:\Users\ayber\.m2\repository\io\cucumber\cucumber-expressions\15.0.1\cucumber-expressions-15.0.1.jar;C:\Users\ayber\.m2\repository\io\cucumber\datatable\7.2.3\datatable-7.2.3.jar;C:\Users\ayber\.m2\repository\io\cucumber\cucumber-plugin\7.2.3\cucumber-plugin-7.2.3.jar;C:\Users\ayber\.m2\repository\io\cucumber\docstring\7.2.3\docstring-7.2.3.jar;C:\Users\ayber\.m2\repository\io\cucumber\html-formatter\17.0.0\html-formatter-17.0.0.jar;C:\Users\ayber\.m2\repository\io\cucumber\ci-environment\8.1.0\ci-environment-8.1.0.jar;C:\Users\ayber\.m2\repository\org\apiguardian\apiguardian-api\1.1.2\apiguardian-api-1.1.2.jar;C:\Users\ayber\.m2\repository\io\cucumber\cucumber-junit\7.2.3\cucumber-junit-7.2.3.jar;C:\Users\ayber\.m2\repository\junit\junit\4.13.2\junit-4.13.2.jar;C:\Users\ayber\.m2\repository\org\hamcrest\hamcrest-core\1.3\hamcrest-core-1.3.jar;C:\Users\ayber\.m2\repository\com\github\javafaker\javafaker\1.0.2\javafaker-1.0.2.jar;C:\Users\ayber\.m2\repository\org\yaml\snakeyaml\1.23\snakeyaml-1.23-android.jar;C:\Users\ayber\.m2\repository\com\github\mifmif\generex\1.0.2\generex-1.0.2.jar;C:\Users\ayber\.m2\repository\dk\brics\automaton\automaton\1.11-8\automaton-1.11-8.jar;C:\Users\ayber\.m2\repository\com\microsoft\sqlserver\mssql-jdbc\8.2.2.jre8\mssql-jdbc-8.2.2.jre8.jar;C:\Users\ayber\.m2\repository\io\rest-assured\rest-assured\5.1.1\rest-assured-5.1.1.jar;C:\Users\ayber\.m2\repository\org\apache\groovy\groovy\4.0.1\groovy-4.0.1.jar;C:\Users\ayber\.m2\repository\org\apache\groovy\groovy-xml\4.0.1\groovy-xml-4.0.1.jar;C:\Users\ayber\.m2\repository\org\apache\httpcomponents\httpclient\4.5.13\httpclient-4.5.13.jar;C:\Users\ayber\.m2\repository\org\apache\httpcomponents\httpcore\4.4.13\httpcore-4.4.13.jar;C:\Users\ayber\.m2\repository\commons-logging\commons-logging\1.2\commons-logging-1.2.jar;C:\Users\ayber\.m2\repository\commons-codec\commons-codec\1.11\commons-codec-1.11.jar;C:\Users\ayber\.m2\repository\org\apache\httpcomponents\httpmime\4.5.13\httpmime-4.5.13.jar;C:\Users\ayber\.m2\repository\org\hamcrest\hamcrest\2.1\hamcrest-2.1.jar;C:\Users\ayber\.m2\repository\org\ccil\cowan\tagsoup\tagsoup\1.2.1\tagsoup-1.2.1.jar;C:\Users\ayber\.m2\repository\io\rest-assured\json-path\5.1.1\json-path-5.1.1.jar;C:\Users\ayber\.m2\repository\org\apache\groovy\groovy-json\4.0.1\groovy-json-4.0.1.jar;C:\Users\ayber\.m2\repository\io\rest-assured\rest-assured-common\5.1.1\rest-assured-common-5.1.1.jar;C:\Users\ayber\.m2\repository\io\rest-assured\xml-path\5.1.1\xml-path-5.1.1.jar;C:\Users\ayber\.m2\repository\org\json\json\20220320\json-20220320.jar;C:\Users\ayber\.m2\repository\com\google\code\gson\gson\2.9.0\gson-2.9.0.jar;C:\Users\ayber\.m2\repository\org\codehaus\jackson\jackson-mapper-asl\1.9.13\jackson-mapper-asl-1.9.13.jar;C:\Users\ayber\.m2\repository\org\codehaus\jackson\jackson-core-asl\1.9.13\jackson-core-asl-1.9.13.jar;"/>
    <property name="sun.cpu.endian" value="little"/>
    <property name="user.home" value="C:\Users\ayber"/>
    <property name="user.language" value="tr"/>
    <property name="java.specification.vendor" value="Oracle Corporation"/>
    <property name="java.version.date" value="2022-04-19"/>
    <property name="java.home" value="C:\Program Files\Java\jdk-11.0.15"/>
    <property name="file.separator" value="\"/>
    <property name="basedir" value="C:\Users\ayber\IdeaProjects\MedunnaProject"/>
    <property name="java.vm.compressedOopsMode" value="Zero based"/>
    <property name="line.separator" value="&#10;"/>
    <property name="java.specification.name" value="Java Platform API Specification"/>
    <property name="java.vm.specification.vendor" value="Oracle Corporation"/>
    <property name="java.awt.graphicsenv" value="sun.awt.Win32GraphicsEnvironment"/>
    <property name="surefire.real.class.path" value="C:\Users\ayber\AppData\Local\Temp\surefire16270729202722160526\surefirebooter10004505308456343682.jar"/>
    <property name="user.script" value=""/>
    <property name="sun.management.compiler" value="HotSpot 64-Bit Tiered Compilers"/>
    <property name="java.runtime.version" value="11.0.15+8-LTS-149"/>
    <property name="user.name" value="ayber"/>
    <property name="path.separator" value=";"/>
    <property name="os.version" value="10.0"/>
    <property name="java.runtime.name" value="Java(TM) SE Runtime Environment"/>
    <property name="file.encoding" value="UTF-8"/>
    <property name="java.vm.name" value="Java HotSpot(TM) 64-Bit Server VM"/>
    <property name="java.vendor.version" value="18.9"/>
    <property name="localRepository" value="C:\Users\ayber\.m2\repository"/>
    <property name="java.vendor.url.bug" value="https://bugreport.java.com/bugreport/"/>
    <property name="java.io.tmpdir" value="C:\Users\ayber\AppData\Local\Temp\"/>
    <property name="idea.version" value="2022.1.1"/>
    <property name="java.version" value="11.0.15"/>
    <property name="user.dir" value="C:\Users\ayber\IdeaProjects\MedunnaProject"/>
    <property name="os.arch" value="amd64"/>
    <property name="java.vm.specification.name" value="Java Virtual Machine Specification"/>
    <property name="java.awt.printerjob" value="sun.awt.windows.WPrinterJob"/>
    <property name="sun.os.patch.level" value=""/>
    <property name="java.library.path" value="C:\Program Files\Java\jdk-11.0.15\bin;C:\Windows\Sun\Java\bin;C:\Windows\system32;C:\Windows;C:\Program Files\Common Files\Oracle\Java\javapath;C:\Program Files (x86)\Razer Chroma SDK\bin;C:\Program Files\Razer Chroma SDK\bin;C:\Program Files (x86)\Razer\ChromaBroadcast\bin;C:\Program Files\Razer\ChromaBroadcast\bin;C:\Windows\system32;C:\Windows;C:\Windows\System32\Wbem;C:\Windows\System32\WindowsPowerShell\v1.0\;C:\Windows\System32\OpenSSH\;C:\Program Files\NVIDIA Corporation\NVIDIA NvDLISR;C:\Program Files (x86)\NVIDIA Corporation\PhysX\Common;C:\Windows\system32\config\systemprofile\AppData\Local\Microsoft\WindowsApps;C:\Program Files\Git\cmd;C:\Program Files\MySQL\MySQL Shell 8.0\bin\;C:\Users\ayber\AppData\Local\Microsoft\WindowsApps;C:\Users\ayber\AppData\Local\Programs\Microsoft VS Code\bin;C:\Program Files\Java\jdk-11.0.15\bin;;."/>
    <property name="java.vendor" value="Oracle Corporation"/>
    <property name="java.vm.info" value="mixed mode"/>
    <property name="java.vm.version" value="11.0.15+8-LTS-149"/>
    <property name="sun.io.unicode.encoding" value="UnicodeLittle"/>
    <property name="java.class.version" value="55.0"/>
  </properties>
  <testcase name="TC001 kullanici gecerli bilgiler ile kayit olabilmeli" classname="Registration Ozelligi" time="12.137">
    <system-out><![CDATA[
@smokeTest
Scenario: TC001 kullanici gecerli bilgiler ile kayit olabilmeli         &amp#27;[90m# src/test/resources/features/UIFeatures/US001_Registration.feature:7&amp#27;[0m
  &amp#27;[32mGiven &amp#27;[0m&amp#27;[32mKullanici Medunna ana sayfasina gider&amp#27;[0m                           &amp#27;[90m# stepDefinitions.uiSteps.US001.kullanici_medunna_ana_sayfasina_gider()&amp#27;[0m
  &amp#27;[32mAnd &amp#27;[0m&amp#27;[32mKullanici Register butonuna tiklar&amp#27;[0m                                &amp#27;[90m# stepDefinitions.uiSteps.US001.kullanici_register_butonuna_tiklar()&amp#27;[0m
  &amp#27;[32mAnd &amp#27;[0m&amp#27;[32mKullanici SSN kutusuna geçerli bir &amp#27;[0m&amp#27;[32m&amp#27;[1m"SSN"&amp#27;[0m&amp#27;[32m numarasi girer&amp#27;[0m           &amp#27;[90m# stepDefinitions.uiSteps.US001.kullanici_ssn_kutusuna_geçerli_bir_numarasi_girer(java.lang.String)&amp#27;[0m
  &amp#27;[32mAnd &amp#27;[0m&amp#27;[32mKullanici firstname kutusuna geçerli bir &amp#27;[0m&amp#27;[32m&amp#27;[1m"firstname"&amp#27;[0m&amp#27;[32m girer&amp#27;[0m        &amp#27;[90m# stepDefinitions.uiSteps.US001.kullanici_firstname_kutusuna_geçerli_bir_girer(java.lang.String)&amp#27;[0m
  &amp#27;[32mAnd &amp#27;[0m&amp#27;[32mKullanici lastname kutusuna geçerli bir &amp#27;[0m&amp#27;[32m&amp#27;[1m"lastname"&amp#27;[0m&amp#27;[32m girer&amp#27;[0m          &amp#27;[90m# stepDefinitions.uiSteps.US001.kullanici_lastname_kutusuna_geçerli_bir_girer(java.lang.String)&amp#27;[0m
  &amp#27;[32mAnd &amp#27;[0m&amp#27;[32mKullanici username kutusuna geçerli bir &amp#27;[0m&amp#27;[32m&amp#27;[1m"username"&amp#27;[0m&amp#27;[32m girer&amp#27;[0m          &amp#27;[90m# stepDefinitions.uiSteps.US001.kullanici_username_kutusuna_geçerli_bir_girer(java.lang.String)&amp#27;[0m
  &amp#27;[32mAnd &amp#27;[0m&amp#27;[32mKullanici email kutusuna geçerli bir &amp#27;[0m&amp#27;[32m&amp#27;[1m"email"&amp#27;[0m&amp#27;[32m girer&amp#27;[0m                &amp#27;[90m# stepDefinitions.uiSteps.US001.kullanici_email_kutusuna_geçerli_bir_girer(java.lang.String)&amp#27;[0m
  &amp#27;[32mAnd &amp#27;[0m&amp#27;[32mKullanici password kutusuna geçerli bir &amp#27;[0m&amp#27;[32m&amp#27;[1m"password"&amp#27;[0m&amp#27;[32m girer&amp#27;[0m          &amp#27;[90m# stepDefinitions.uiSteps.US001.kullanici_password_kutusuna_geçerli_bir_girer(java.lang.String)&amp#27;[0m
  &amp#27;[32mThen &amp#27;[0m&amp#27;[32mKullanici register butonuna tıklar&amp#27;[0m                               &amp#27;[90m# stepDefinitions.uiSteps.US001.kullanici_register_butonuna_tıklar()&amp#27;[0m
  &amp#27;[32mThen &amp#27;[0m&amp#27;[32mKullanici Registitaion Saved yazisinin gorunur oldugunu dogrular&amp#27;[0m &amp#27;[90m# stepDefinitions.uiSteps.US001.kullanici_registitaion_saved_yazisinin_gorunur_oldugunu_dogrular()&amp#27;[0m
]]></system-out>
    <system-err><![CDATA[SLF4J: Failed to load class "org.slf4j.impl.StaticLoggerBinder".
SLF4J: Defaulting to no-operation (NOP) logger implementation
SLF4J: See http://www.slf4j.org/codes.html#StaticLoggerBinder for further details.
Starting ChromeDriver 104.0.5112.79 (3cf3e8c8a07d104b9e1260c910efb8f383285dc5-refs/branch-heads/5112@{#1307}) on port 54674
Only local connections are allowed.
Please see https://chromedriver.chromium.org/security-considerations for suggestions on keeping ChromeDriver safe.
ChromeDriver was started successfully.
Ağu 16, 2022 6:52:42 ÖS org.openqa.selenium.remote.ProtocolHandshake createSession
INFO: Detected dialect: W3C
Ağu 16, 2022 6:52:42 ÖS org.openqa.selenium.devtools.CdpVersionFinder findNearestMatch
WARNING: Unable to find an exact match for CDP version 104, so returning the closest version found: a no-op implementation
Ağu 16, 2022 6:52:42 ÖS org.openqa.selenium.devtools.CdpVersionFinder findNearestMatch
INFO: Unable to find CDP implementation matching 104.
Ağu 16, 2022 6:52:42 ÖS org.openqa.selenium.chromium.ChromiumDriver lambda$new$3
WARNING: Unable to find version of CDP to use for . You may need to include a dependency on a specific version of the CDP using something similar to `org.seleniumhq.selenium:selenium-devtools-v86:4.1.3` where the version ("v86") matches the version of the chromium-based browser you're using and the version number of the artifact is the same as Selenium's.
]]></system-err>
  </testcase>
  <testcase name="TC002 kullanici gecersiz SSN ile kayit olamamali" classname="Registration Ozelligi" time="8.071">
    <system-out><![CDATA[
@smokeTest
Scenario: TC002 kullanici gecersiz SSN ile kayit olamamali       &amp#27;[90m# src/test/resources/features/UIFeatures/US001_Registration.feature:19&amp#27;[0m
  &amp#27;[32mGiven &amp#27;[0m&amp#27;[32mKullanici Medunna ana sayfasina gider&amp#27;[0m                    &amp#27;[90m# stepDefinitions.uiSteps.US001.kullanici_medunna_ana_sayfasina_gider()&amp#27;[0m
  &amp#27;[32mAnd &amp#27;[0m&amp#27;[32mKullanici Register butonuna tiklar&amp#27;[0m                         &amp#27;[90m# stepDefinitions.uiSteps.US001.kullanici_register_butonuna_tiklar()&amp#27;[0m
  &amp#27;[32mAnd &amp#27;[0m&amp#27;[32mKullanici SSN kutusuna geçersiz bir &amp#27;[0m&amp#27;[32m&amp#27;[1m"SSN"&amp#27;[0m&amp#27;[32m numarasi girer&amp#27;[0m   &amp#27;[90m# stepDefinitions.uiSteps.US001.kullanici_ssn_kutusuna_geçersiz_bir_numarasi_girer(java.lang.String)&amp#27;[0m
  &amp#27;[32mAnd &amp#27;[0m&amp#27;[32mKullanici firstname kutusuna geçerli bir &amp#27;[0m&amp#27;[32m&amp#27;[1m"firstname"&amp#27;[0m&amp#27;[32m girer&amp#27;[0m &amp#27;[90m# stepDefinitions.uiSteps.US001.kullanici_firstname_kutusuna_geçerli_bir_girer(java.lang.String)&amp#27;[0m
  &amp#27;[32mAnd &amp#27;[0m&amp#27;[32mKullanici lastname kutusuna geçerli bir &amp#27;[0m&amp#27;[32m&amp#27;[1m"lastname"&amp#27;[0m&amp#27;[32m girer&amp#27;[0m   &amp#27;[90m# stepDefinitions.uiSteps.US001.kullanici_lastname_kutusuna_geçerli_bir_girer(java.lang.String)&amp#27;[0m
  &amp#27;[32mAnd &amp#27;[0m&amp#27;[32mKullanici username kutusuna geçerli bir &amp#27;[0m&amp#27;[32m&amp#27;[1m"username"&amp#27;[0m&amp#27;[32m girer&amp#27;[0m   &amp#27;[90m# stepDefinitions.uiSteps.US001.kullanici_username_kutusuna_geçerli_bir_girer(java.lang.String)&amp#27;[0m
  &amp#27;[32mAnd &amp#27;[0m&amp#27;[32mKullanici email kutusuna geçerli bir &amp#27;[0m&amp#27;[32m&amp#27;[1m"email"&amp#27;[0m&amp#27;[32m girer&amp#27;[0m         &amp#27;[90m# stepDefinitions.uiSteps.US001.kullanici_email_kutusuna_geçerli_bir_girer(java.lang.String)&amp#27;[0m
  &amp#27;[32mAnd &amp#27;[0m&amp#27;[32mKullanici password kutusuna geçerli bir &amp#27;[0m&amp#27;[32m&amp#27;[1m"password"&amp#27;[0m&amp#27;[32m girer&amp#27;[0m   &amp#27;[90m# stepDefinitions.uiSteps.US001.kullanici_password_kutusuna_geçerli_bir_girer(java.lang.String)&amp#27;[0m
  &amp#27;[32mThen &amp#27;[0m&amp#27;[32mKullanici register butonuna tıklar&amp#27;[0m                        &amp#27;[90m# stepDefinitions.uiSteps.US001.kullanici_register_butonuna_tıklar()&amp#27;[0m
  &amp#27;[32mThen &amp#27;[0m&amp#27;[32mKullanici SSN hata mesajinin gorunur oldugunu dogrular&amp#27;[0m    &amp#27;[90m# stepDefinitions.uiSteps.US001.kullanici_ssn_hata_mesajinin_gorunur_oldugunu_dogrular()&amp#27;[0m
]]></system-out>
    <system-err><![CDATA[Starting ChromeDriver 104.0.5112.79 (3cf3e8c8a07d104b9e1260c910efb8f383285dc5-refs/branch-heads/5112@{#1307}) on port 61154
Only local connections are allowed.
Please see https://chromedriver.chromium.org/security-considerations for suggestions on keeping ChromeDriver safe.
ChromeDriver was started successfully.
Ağu 16, 2022 6:52:53 ÖS org.openqa.selenium.remote.ProtocolHandshake createSession
INFO: Detected dialect: W3C
Ağu 16, 2022 6:52:53 ÖS org.openqa.selenium.devtools.CdpVersionFinder findNearestMatch
WARNING: Unable to find an exact match for CDP version 104, so returning the closest version found: a no-op implementation
Ağu 16, 2022 6:52:53 ÖS org.openqa.selenium.devtools.CdpVersionFinder findNearestMatch
INFO: Unable to find CDP implementation matching 104.
Ağu 16, 2022 6:52:53 ÖS org.openqa.selenium.chromium.ChromiumDriver lambda$new$3
WARNING: Unable to find version of CDP to use for . You may need to include a dependency on a specific version of the CDP using something similar to `org.seleniumhq.selenium:selenium-devtools-v86:4.1.3` where the version ("v86") matches the version of the chromium-based browser you're using and the version number of the artifact is the same as Selenium's.
]]></system-err>
  </testcase>
  <testcase name="TC003 kullanici bos SSN ile kayit olamamali" classname="Registration Ozelligi" time="7.541">
    <system-out><![CDATA[
@smokeTest
Scenario: TC003 kullanici bos SSN ile kayit olamamali             &amp#27;[90m# src/test/resources/features/UIFeatures/US001_Registration.feature:31&amp#27;[0m
  &amp#27;[32mGiven &amp#27;[0m&amp#27;[32mKullanici Medunna ana sayfasina gider&amp#27;[0m                     &amp#27;[90m# stepDefinitions.uiSteps.US001.kullanici_medunna_ana_sayfasina_gider()&amp#27;[0m
  &amp#27;[32mAnd &amp#27;[0m&amp#27;[32mKullanici Register butonuna tiklar&amp#27;[0m                          &amp#27;[90m# stepDefinitions.uiSteps.US001.kullanici_register_butonuna_tiklar()&amp#27;[0m
  &amp#27;[32mAnd &amp#27;[0m&amp#27;[32mKullanici SSN kutusunu bos birakir&amp#27;[0m                          &amp#27;[90m# stepDefinitions.uiSteps.US001.kullanici_ssn_kutusunu_bos_birakir()&amp#27;[0m
  &amp#27;[32mAnd &amp#27;[0m&amp#27;[32mKullanici firstname kutusuna geçerli bir &amp#27;[0m&amp#27;[32m&amp#27;[1m"firstname"&amp#27;[0m&amp#27;[32m girer&amp#27;[0m  &amp#27;[90m# stepDefinitions.uiSteps.US001.kullanici_firstname_kutusuna_geçerli_bir_girer(java.lang.String)&amp#27;[0m
  &amp#27;[32mAnd &amp#27;[0m&amp#27;[32mKullanici lastname kutusuna geçerli bir &amp#27;[0m&amp#27;[32m&amp#27;[1m"lastname"&amp#27;[0m&amp#27;[32m girer&amp#27;[0m    &amp#27;[90m# stepDefinitions.uiSteps.US001.kullanici_lastname_kutusuna_geçerli_bir_girer(java.lang.String)&amp#27;[0m
  &amp#27;[32mAnd &amp#27;[0m&amp#27;[32mKullanici username kutusuna geçerli bir &amp#27;[0m&amp#27;[32m&amp#27;[1m"username"&amp#27;[0m&amp#27;[32m girer&amp#27;[0m    &amp#27;[90m# stepDefinitions.uiSteps.US001.kullanici_username_kutusuna_geçerli_bir_girer(java.lang.String)&amp#27;[0m
  &amp#27;[32mAnd &amp#27;[0m&amp#27;[32mKullanici email kutusuna geçerli bir &amp#27;[0m&amp#27;[32m&amp#27;[1m"email"&amp#27;[0m&amp#27;[32m girer&amp#27;[0m          &amp#27;[90m# stepDefinitions.uiSteps.US001.kullanici_email_kutusuna_geçerli_bir_girer(java.lang.String)&amp#27;[0m
  &amp#27;[32mAnd &amp#27;[0m&amp#27;[32mKullanici password kutusuna geçerli bir &amp#27;[0m&amp#27;[32m&amp#27;[1m"password"&amp#27;[0m&amp#27;[32m girer&amp#27;[0m    &amp#27;[90m# stepDefinitions.uiSteps.US001.kullanici_password_kutusuna_geçerli_bir_girer(java.lang.String)&amp#27;[0m
  &amp#27;[32mThen &amp#27;[0m&amp#27;[32mKullanici register butonuna tıklar&amp#27;[0m                         &amp#27;[90m# stepDefinitions.uiSteps.US001.kullanici_register_butonuna_tıklar()&amp#27;[0m
  &amp#27;[32mThen &amp#27;[0m&amp#27;[32mKullanici bos SSN hata mesajinin gorunur oldugunu dogrular&amp#27;[0m &amp#27;[90m# stepDefinitions.uiSteps.US001.kullanici_bos_ssn_hata_mesajinin_gorunur_oldugunu_dogrular()&amp#27;[0m
]]></system-out>
    <system-err><![CDATA[Starting ChromeDriver 104.0.5112.79 (3cf3e8c8a07d104b9e1260c910efb8f383285dc5-refs/branch-heads/5112@{#1307}) on port 58057
Only local connections are allowed.
Please see https://chromedriver.chromium.org/security-considerations for suggestions on keeping ChromeDriver safe.
ChromeDriver was started successfully.
Ağu 16, 2022 6:53:01 ÖS org.openqa.selenium.remote.ProtocolHandshake createSession
INFO: Detected dialect: W3C
Ağu 16, 2022 6:53:01 ÖS org.openqa.selenium.devtools.CdpVersionFinder findNearestMatch
WARNING: Unable to find an exact match for CDP version 104, so returning the closest version found: a no-op implementation
Ağu 16, 2022 6:53:01 ÖS org.openqa.selenium.devtools.CdpVersionFinder findNearestMatch
INFO: Unable to find CDP implementation matching 104.
Ağu 16, 2022 6:53:01 ÖS org.openqa.selenium.chromium.ChromiumDriver lambda$new$3
WARNING: Unable to find version of CDP to use for . You may need to include a dependency on a specific version of the CDP using something similar to `org.seleniumhq.selenium:selenium-devtools-v86:4.1.3` where the version ("v86") matches the version of the chromium-based browser you're using and the version number of the artifact is the same as Selenium's.
]]></system-err>
  </testcase>
  <testcase name="TC004 kullanici bos firtsname ile kayit olamamali" classname="Registration Ozelligi" time="7.945">
    <system-out><![CDATA[
@smokeTest
Scenario: TC004 kullanici bos firtsname ile kayit olamamali             &amp#27;[90m# src/test/resources/features/UIFeatures/US001_Registration.feature:43&amp#27;[0m
  &amp#27;[32mGiven &amp#27;[0m&amp#27;[32mKullanici Medunna ana sayfasina gider&amp#27;[0m                           &amp#27;[90m# stepDefinitions.uiSteps.US001.kullanici_medunna_ana_sayfasina_gider()&amp#27;[0m
  &amp#27;[32mAnd &amp#27;[0m&amp#27;[32mKullanici Register butonuna tiklar&amp#27;[0m                                &amp#27;[90m# stepDefinitions.uiSteps.US001.kullanici_register_butonuna_tiklar()&amp#27;[0m
  &amp#27;[32mAnd &amp#27;[0m&amp#27;[32mKullanici SSN kutusuna geçerli bir &amp#27;[0m&amp#27;[32m&amp#27;[1m"SSN"&amp#27;[0m&amp#27;[32m numarasi girer&amp#27;[0m           &amp#27;[90m# stepDefinitions.uiSteps.US001.kullanici_ssn_kutusuna_geçerli_bir_numarasi_girer(java.lang.String)&amp#27;[0m
  &amp#27;[32mAnd &amp#27;[0m&amp#27;[32mKullanici firstname kutusunu bos birakir&amp#27;[0m                          &amp#27;[90m# stepDefinitions.uiSteps.US001.kullanici_firstname_kutusunu_bos_birakir()&amp#27;[0m
  &amp#27;[32mAnd &amp#27;[0m&amp#27;[32mKullanici lastname kutusuna geçerli bir &amp#27;[0m&amp#27;[32m&amp#27;[1m"lastname"&amp#27;[0m&amp#27;[32m girer&amp#27;[0m          &amp#27;[90m# stepDefinitions.uiSteps.US001.kullanici_lastname_kutusuna_geçerli_bir_girer(java.lang.String)&amp#27;[0m
  &amp#27;[32mAnd &amp#27;[0m&amp#27;[32mKullanici username kutusuna geçerli bir &amp#27;[0m&amp#27;[32m&amp#27;[1m"username"&amp#27;[0m&amp#27;[32m girer&amp#27;[0m          &amp#27;[90m# stepDefinitions.uiSteps.US001.kullanici_username_kutusuna_geçerli_bir_girer(java.lang.String)&amp#27;[0m
  &amp#27;[32mAnd &amp#27;[0m&amp#27;[32mKullanici email kutusuna geçerli bir &amp#27;[0m&amp#27;[32m&amp#27;[1m"email"&amp#27;[0m&amp#27;[32m girer&amp#27;[0m                &amp#27;[90m# stepDefinitions.uiSteps.US001.kullanici_email_kutusuna_geçerli_bir_girer(java.lang.String)&amp#27;[0m
  &amp#27;[32mAnd &amp#27;[0m&amp#27;[32mKullanici password kutusuna geçerli bir &amp#27;[0m&amp#27;[32m&amp#27;[1m"password"&amp#27;[0m&amp#27;[32m girer&amp#27;[0m          &amp#27;[90m# stepDefinitions.uiSteps.US001.kullanici_password_kutusuna_geçerli_bir_girer(java.lang.String)&amp#27;[0m
  &amp#27;[32mThen &amp#27;[0m&amp#27;[32mKullanici register butonuna tıklar&amp#27;[0m                               &amp#27;[90m# stepDefinitions.uiSteps.US001.kullanici_register_butonuna_tıklar()&amp#27;[0m
  &amp#27;[32mThen &amp#27;[0m&amp#27;[32mKullanici bos firstname hata mesajinin gorunur oldugunu dogrular&amp#27;[0m &amp#27;[90m# stepDefinitions.uiSteps.US001.kullanici_bos_firstname_hata_mesajinin_gorunur_oldugunu_dogrular()&amp#27;[0m
]]></system-out>
    <system-err><![CDATA[Starting ChromeDriver 104.0.5112.79 (3cf3e8c8a07d104b9e1260c910efb8f383285dc5-refs/branch-heads/5112@{#1307}) on port 56687
Only local connections are allowed.
Please see https://chromedriver.chromium.org/security-considerations for suggestions on keeping ChromeDriver safe.
ChromeDriver was started successfully.
Ağu 16, 2022 6:53:09 ÖS org.openqa.selenium.remote.ProtocolHandshake createSession
INFO: Detected dialect: W3C
Ağu 16, 2022 6:53:09 ÖS org.openqa.selenium.devtools.CdpVersionFinder findNearestMatch
WARNING: Unable to find an exact match for CDP version 104, so returning the closest version found: a no-op implementation
Ağu 16, 2022 6:53:09 ÖS org.openqa.selenium.devtools.CdpVersionFinder findNearestMatch
INFO: Unable to find CDP implementation matching 104.
Ağu 16, 2022 6:53:09 ÖS org.openqa.selenium.chromium.ChromiumDriver lambda$new$3
WARNING: Unable to find version of CDP to use for . You may need to include a dependency on a specific version of the CDP using something similar to `org.seleniumhq.selenium:selenium-devtools-v86:4.1.3` where the version ("v86") matches the version of the chromium-based browser you're using and the version number of the artifact is the same as Selenium's.
]]></system-err>
  </testcase>
  <testcase name="TC005 kullanici bos lastname ile kayit olamamali" classname="Registration Ozelligi" time="14.837">
    <system-out><![CDATA[
@smokeTest
Scenario: TC005 kullanici bos lastname ile kayit olamamali             &amp#27;[90m# src/test/resources/features/UIFeatures/US001_Registration.feature:55&amp#27;[0m
  &amp#27;[32mGiven &amp#27;[0m&amp#27;[32mKullanici Medunna ana sayfasina gider&amp#27;[0m                          &amp#27;[90m# stepDefinitions.uiSteps.US001.kullanici_medunna_ana_sayfasina_gider()&amp#27;[0m
  &amp#27;[32mAnd &amp#27;[0m&amp#27;[32mKullanici Register butonuna tiklar&amp#27;[0m                               &amp#27;[90m# stepDefinitions.uiSteps.US001.kullanici_register_butonuna_tiklar()&amp#27;[0m
  &amp#27;[32mAnd &amp#27;[0m&amp#27;[32mKullanici SSN kutusuna geçerli bir &amp#27;[0m&amp#27;[32m&amp#27;[1m"SSN"&amp#27;[0m&amp#27;[32m numarasi girer&amp#27;[0m          &amp#27;[90m# stepDefinitions.uiSteps.US001.kullanici_ssn_kutusuna_geçerli_bir_numarasi_girer(java.lang.String)&amp#27;[0m
  &amp#27;[32mAnd &amp#27;[0m&amp#27;[32mKullanici firstname kutusuna geçerli bir &amp#27;[0m&amp#27;[32m&amp#27;[1m"firstname"&amp#27;[0m&amp#27;[32m girer&amp#27;[0m       &amp#27;[90m# stepDefinitions.uiSteps.US001.kullanici_firstname_kutusuna_geçerli_bir_girer(java.lang.String)&amp#27;[0m
  &amp#27;[32mAnd &amp#27;[0m&amp#27;[32mKullanici lastname kutusunu bos birakir&amp#27;[0m                          &amp#27;[90m# stepDefinitions.uiSteps.US001.kullanici_lastname_kutusunu_bos_birakir()&amp#27;[0m
  &amp#27;[32mAnd &amp#27;[0m&amp#27;[32mKullanici username kutusuna geçerli bir &amp#27;[0m&amp#27;[32m&amp#27;[1m"username"&amp#27;[0m&amp#27;[32m girer&amp#27;[0m         &amp#27;[90m# stepDefinitions.uiSteps.US001.kullanici_username_kutusuna_geçerli_bir_girer(java.lang.String)&amp#27;[0m
  &amp#27;[32mAnd &amp#27;[0m&amp#27;[32mKullanici email kutusuna geçerli bir &amp#27;[0m&amp#27;[32m&amp#27;[1m"email"&amp#27;[0m&amp#27;[32m girer&amp#27;[0m               &amp#27;[90m# stepDefinitions.uiSteps.US001.kullanici_email_kutusuna_geçerli_bir_girer(java.lang.String)&amp#27;[0m
  &amp#27;[32mAnd &amp#27;[0m&amp#27;[32mKullanici password kutusuna geçerli bir &amp#27;[0m&amp#27;[32m&amp#27;[1m"password"&amp#27;[0m&amp#27;[32m girer&amp#27;[0m         &amp#27;[90m# stepDefinitions.uiSteps.US001.kullanici_password_kutusuna_geçerli_bir_girer(java.lang.String)&amp#27;[0m
  &amp#27;[32mThen &amp#27;[0m&amp#27;[32mKullanici register butonuna tıklar&amp#27;[0m                              &amp#27;[90m# stepDefinitions.uiSteps.US001.kullanici_register_butonuna_tıklar()&amp#27;[0m
  &amp#27;[32mThen &amp#27;[0m&amp#27;[32mKullanici bos lastname hata mesajinin gorunur oldugunu dogrular&amp#27;[0m &amp#27;[90m# stepDefinitions.uiSteps.US001.kullanici_bos_lastname_hata_mesajinin_gorunur_oldugunu_dogrular()&amp#27;[0m
]]></system-out>
    <system-err><![CDATA[Starting ChromeDriver 104.0.5112.79 (3cf3e8c8a07d104b9e1260c910efb8f383285dc5-refs/branch-heads/5112@{#1307}) on port 49349
Only local connections are allowed.
Please see https://chromedriver.chromium.org/security-considerations for suggestions on keeping ChromeDriver safe.
ChromeDriver was started successfully.
Ağu 16, 2022 6:53:17 ÖS org.openqa.selenium.remote.ProtocolHandshake createSession
INFO: Detected dialect: W3C
Ağu 16, 2022 6:53:17 ÖS org.openqa.selenium.devtools.CdpVersionFinder findNearestMatch
WARNING: Unable to find an exact match for CDP version 104, so returning the closest version found: a no-op implementation
Ağu 16, 2022 6:53:17 ÖS org.openqa.selenium.devtools.CdpVersionFinder findNearestMatch
INFO: Unable to find CDP implementation matching 104.
Ağu 16, 2022 6:53:17 ÖS org.openqa.selenium.chromium.ChromiumDriver lambda$new$3
WARNING: Unable to find version of CDP to use for . You may need to include a dependency on a specific version of the CDP using something similar to `org.seleniumhq.selenium:selenium-devtools-v86:4.1.3` where the version ("v86") matches the version of the chromium-based browser you're using and the version number of the artifact is the same as Selenium's.
]]></system-err>
  </testcase>
  <testcase name="TC006 kullanici dokuz ile baslayan SSN ile kayit olabilmeli" classname="Registration Ozelligi" time="25.874">
    <error message="no such element: Unable to locate element: {&quot;method&quot;:&quot;xpath&quot;,&quot;selector&quot;:&quot;//div[@class=&apos;Toastify__toast-body&apos;]&quot;}&#10;  (Session info: chrome=104.0.5112.81)&#10;For documentation on this error, please visit: https://selenium.dev/exceptions/#no_such_element&#10;Build info: version: &apos;4.1.3&apos;, revision: &apos;7b1ebf28ef&apos;&#10;System info: host: &apos;DESKTOP-6U1HIQ0&apos;, ip: &apos;192.168.1.174&apos;, os.name: &apos;Windows 10&apos;, os.arch: &apos;amd64&apos;, os.version: &apos;10.0&apos;, java.version: &apos;11.0.15&apos;&#10;Driver info: org.openqa.selenium.chrome.ChromeDriver&#10;Command: [c251d31dd711b8148ac1ce4beee44323, findElement {using=xpath, value=//div[@class=&apos;Toastify__toast-body&apos;]}]&#10;Capabilities {acceptInsecureCerts: false, browserName: chrome, browserVersion: 104.0.5112.81, chrome: {chromedriverVersion: 104.0.5112.79 (3cf3e8c8a07d..., userDataDir: C:\Users\ayber\AppData\Loca...}, goog:chromeOptions: {debuggerAddress: localhost:63642}, javascriptEnabled: true, networkConnectionEnabled: false, pageLoadStrategy: normal, platform: WINDOWS, platformName: WINDOWS, proxy: Proxy(), se:cdp: ws://localhost:63642/devtoo..., se:cdpVersion: 104.0.5112.81, setWindowRect: true, strictFileInteractability: false, timeouts: {implicit: 0, pageLoad: 300000, script: 30000}, unhandledPromptBehavior: dismiss and notify, webauthn:extension:credBlob: true, webauthn:extension:largeBlob: true, webauthn:virtualAuthenticators: true}&#10;Session ID: c251d31dd711b8148ac1ce4beee44323" type="org.openqa.selenium.NoSuchElementException"><![CDATA[org.openqa.selenium.NoSuchElementException: 
no such element: Unable to locate element: {"method":"xpath","selector":"//div[@class='Toastify__toast-body']"}
  (Session info: chrome=104.0.5112.81)
For documentation on this error, please visit: https://selenium.dev/exceptions/#no_such_element
Build info: version: '4.1.3', revision: '7b1ebf28ef'
System info: host: 'DESKTOP-6U1HIQ0', ip: '192.168.1.174', os.name: 'Windows 10', os.arch: 'amd64', os.version: '10.0', java.version: '11.0.15'
Driver info: org.openqa.selenium.chrome.ChromeDriver
Command: [c251d31dd711b8148ac1ce4beee44323, findElement {using=xpath, value=//div[@class='Toastify__toast-body']}]
Capabilities {acceptInsecureCerts: false, browserName: chrome, browserVersion: 104.0.5112.81, chrome: {chromedriverVersion: 104.0.5112.79 (3cf3e8c8a07d..., userDataDir: C:\Users\ayber\AppData\Loca...}, goog:chromeOptions: {debuggerAddress: localhost:63642}, javascriptEnabled: true, networkConnectionEnabled: false, pageLoadStrategy: normal, platform: WINDOWS, platformName: WINDOWS, proxy: Proxy(), se:cdp: ws://localhost:63642/devtoo..., se:cdpVersion: 104.0.5112.81, setWindowRect: true, strictFileInteractability: false, timeouts: {implicit: 0, pageLoad: 300000, script: 30000}, unhandledPromptBehavior: dismiss and notify, webauthn:extension:credBlob: true, webauthn:extension:largeBlob: true, webauthn:virtualAuthenticators: true}
Session ID: c251d31dd711b8148ac1ce4beee44323
]]></error>
    <system-out><![CDATA[
@smokeTest
Scenario: TC006 kullanici dokuz ile baslayan SSN ile kayit olabilmeli    &amp#27;[90m# src/test/resources/features/UIFeatures/US001_Registration.feature:67&amp#27;[0m
  &amp#27;[32mGiven &amp#27;[0m&amp#27;[32mKullanici Medunna ana sayfasina gider&amp#27;[0m                            &amp#27;[90m# stepDefinitions.uiSteps.US001.kullanici_medunna_ana_sayfasina_gider()&amp#27;[0m
  &amp#27;[32mAnd &amp#27;[0m&amp#27;[32mKullanici Register butonuna tiklar&amp#27;[0m                                 &amp#27;[90m# stepDefinitions.uiSteps.US001.kullanici_register_butonuna_tiklar()&amp#27;[0m
  &amp#27;[32mAnd &amp#27;[0m&amp#27;[32mKullanici SSN kutusuna dokuz ile başlayan bir &amp#27;[0m&amp#27;[32m&amp#27;[1m"SSN"&amp#27;[0m&amp#27;[32m numarasi girer&amp#27;[0m &amp#27;[90m# stepDefinitions.uiSteps.US001.kullaniciSSNKutusunaDokuzIleBaşlayanBirNumarasiGirer(java.lang.String)&amp#27;[0m
  &amp#27;[32mAnd &amp#27;[0m&amp#27;[32mKullanici firstname kutusuna geçerli bir &amp#27;[0m&amp#27;[32m&amp#27;[1m"firstname"&amp#27;[0m&amp#27;[32m girer&amp#27;[0m         &amp#27;[90m# stepDefinitions.uiSteps.US001.kullanici_firstname_kutusuna_geçerli_bir_girer(java.lang.String)&amp#27;[0m
  &amp#27;[32mAnd &amp#27;[0m&amp#27;[32mKullanici lastname kutusuna geçerli bir &amp#27;[0m&amp#27;[32m&amp#27;[1m"lastname"&amp#27;[0m&amp#27;[32m girer&amp#27;[0m           &amp#27;[90m# stepDefinitions.uiSteps.US001.kullanici_lastname_kutusuna_geçerli_bir_girer(java.lang.String)&amp#27;[0m
  &amp#27;[32mAnd &amp#27;[0m&amp#27;[32mKullanici username kutusuna geçerli bir &amp#27;[0m&amp#27;[32m&amp#27;[1m"username"&amp#27;[0m&amp#27;[32m girer&amp#27;[0m           &amp#27;[90m# stepDefinitions.uiSteps.US001.kullanici_username_kutusuna_geçerli_bir_girer(java.lang.String)&amp#27;[0m
  &amp#27;[32mAnd &amp#27;[0m&amp#27;[32mKullanici email kutusuna geçerli bir &amp#27;[0m&amp#27;[32m&amp#27;[1m"email"&amp#27;[0m&amp#27;[32m girer&amp#27;[0m                 &amp#27;[90m# stepDefinitions.uiSteps.US001.kullanici_email_kutusuna_geçerli_bir_girer(java.lang.String)&amp#27;[0m
  &amp#27;[32mAnd &amp#27;[0m&amp#27;[32mKullanici password kutusuna geçerli bir &amp#27;[0m&amp#27;[32m&amp#27;[1m"password"&amp#27;[0m&amp#27;[32m girer&amp#27;[0m           &amp#27;[90m# stepDefinitions.uiSteps.US001.kullanici_password_kutusuna_geçerli_bir_girer(java.lang.String)&amp#27;[0m
  &amp#27;[32mThen &amp#27;[0m&amp#27;[32mKullanici register butonuna tıklar&amp#27;[0m                                &amp#27;[90m# stepDefinitions.uiSteps.US001.kullanici_register_butonuna_tıklar()&amp#27;[0m
  &amp#27;[31mThen &amp#27;[0m&amp#27;[31mKullanici Registitaion Saved yazisinin gorunur oldugunu dogrular&amp#27;[0m  &amp#27;[90m# stepDefinitions.uiSteps.US001.kullanici_registitaion_saved_yazisinin_gorunur_oldugunu_dogrular()&amp#27;[0m
      &amp#27;[31morg.openqa.selenium.NoSuchElementException: no such element: Unable to locate element: {"method":"xpath","selector":"//div[@class='Toastify__toast-body']"}
  (Session info: chrome=104.0.5112.81)
For documentation on this error, please visit: https://selenium.dev/exceptions/#no_such_element
Build info: version: '4.1.3', revision: '7b1ebf28ef'
System info: host: 'DESKTOP-6U1HIQ0', ip: '192.168.1.174', os.name: 'Windows 10', os.arch: 'amd64', os.version: '10.0', java.version: '11.0.15'
Driver info: org.openqa.selenium.chrome.ChromeDriver
Command: [c251d31dd711b8148ac1ce4beee44323, findElement {using=xpath, value=//div[@class='Toastify__toast-body']}]
Capabilities {acceptInsecureCerts: false, browserName: chrome, browserVersion: 104.0.5112.81, chrome: {chromedriverVersion: 104.0.5112.79 (3cf3e8c8a07d..., userDataDir: C:\Users\ayber\AppData\Loca...}, goog:chromeOptions: {debuggerAddress: localhost:63642}, javascriptEnabled: true, networkConnectionEnabled: false, pageLoadStrategy: normal, platform: WINDOWS, platformName: WINDOWS, proxy: Proxy(), se:cdp: ws://localhost:63642/devtoo..., se:cdpVersion: 104.0.5112.81, setWindowRect: true, strictFileInteractability: false, timeouts: {implicit: 0, pageLoad: 300000, script: 30000}, unhandledPromptBehavior: dismiss and notify, webauthn:extension:credBlob: true, webauthn:extension:largeBlob: true, webauthn:virtualAuthenticators: true}
Session ID: c251d31dd711b8148ac1ce4beee44323
	at java.base/jdk.internal.reflect.NativeConstructorAccessorImpl.newInstance0(Native Method)
	at java.base/jdk.internal.reflect.NativeConstructorAccessorImpl.newInstance(NativeConstructorAccessorImpl.java:62)
	at java.base/jdk.internal.reflect.DelegatingConstructorAccessorImpl.newInstance(DelegatingConstructorAccessorImpl.java:45)
	at java.base/java.lang.reflect.Constructor.newInstance(Constructor.java:490)
	at org.openqa.selenium.remote.codec.w3c.W3CHttpResponseCodec.createException(W3CHttpResponseCodec.java:200)
	at org.openqa.selenium.remote.codec.w3c.W3CHttpResponseCodec.decode(W3CHttpResponseCodec.java:133)
	at org.openqa.selenium.remote.codec.w3c.W3CHttpResponseCodec.decode(W3CHttpResponseCodec.java:53)
	at org.openqa.selenium.remote.HttpCommandExecutor.execute(HttpCommandExecutor.java:184)
	at org.openqa.selenium.remote.service.DriverCommandExecutor.invokeExecute(DriverCommandExecutor.java:167)
	at org.openqa.selenium.remote.service.DriverCommandExecutor.execute(DriverCommandExecutor.java:142)
	at org.openqa.selenium.remote.RemoteWebDriver.execute(RemoteWebDriver.java:567)
	at org.openqa.selenium.remote.ElementLocation$ElementFinder$2.findElement(ElementLocation.java:162)
	at org.openqa.selenium.remote.ElementLocation.findElement(ElementLocation.java:60)
	at org.openqa.selenium.remote.RemoteWebDriver.findElement(RemoteWebDriver.java:385)
	at org.openqa.selenium.remote.RemoteWebDriver.findElement(RemoteWebDriver.java:377)
	at org.openqa.selenium.support.pagefactory.DefaultElementLocator.findElement(DefaultElementLocator.java:70)
	at org.openqa.selenium.support.pagefactory.internal.LocatingElementHandler.invoke(LocatingElementHandler.java:39)
	at com.sun.proxy.$Proxy23.isDisplayed(Unknown Source)
	at stepDefinitions.uiSteps.US001.kullanici_registitaion_saved_yazisinin_gorunur_oldugunu_dogrular(US001.java:91)
	at ✽.Kullanici Registitaion Saved yazisinin gorunur oldugunu dogrular(file:///C:/Users/ayber/IdeaProjects/MedunnaProject/./src/test/resources/features/UIFeatures/US001_Registration.feature:77)
&amp#27;[0m

    Embedding screenshots [image/png 95623 bytes]

]]></system-out>
    <system-err><![CDATA[Starting ChromeDriver 104.0.5112.79 (3cf3e8c8a07d104b9e1260c910efb8f383285dc5-refs/branch-heads/5112@{#1307}) on port 51733
Only local connections are allowed.
Please see https://chromedriver.chromium.org/security-considerations for suggestions on keeping ChromeDriver safe.
ChromeDriver was started successfully.
Ağu 16, 2022 6:53:31 ÖS org.openqa.selenium.remote.ProtocolHandshake createSession
INFO: Detected dialect: W3C
Ağu 16, 2022 6:53:31 ÖS org.openqa.selenium.devtools.CdpVersionFinder findNearestMatch
WARNING: Unable to find an exact match for CDP version 104, so returning the closest version found: a no-op implementation
Ağu 16, 2022 6:53:31 ÖS org.openqa.selenium.devtools.CdpVersionFinder findNearestMatch
INFO: Unable to find CDP implementation matching 104.
Ağu 16, 2022 6:53:31 ÖS org.openqa.selenium.chromium.ChromiumDriver lambda$new$3
WARNING: Unable to find version of CDP to use for . You may need to include a dependency on a specific version of the CDP using something similar to `org.seleniumhq.selenium:selenium-devtools-v86:4.1.3` where the version ("v86") matches the version of the chromium-based browser you're using and the version number of the artifact is the same as Selenium's.
]]></system-err>
  </testcase>
</testsuite>